\BOOKMARK [0][-]{chapter.1}{Contextual Background}{}% 1
\BOOKMARK [1][-]{section.1.1}{Computer Graphics and Lighting}{chapter.1}% 2
\BOOKMARK [1][-]{section.1.2}{Augmented Reality}{chapter.1}% 3
\BOOKMARK [1][-]{section.1.3}{Depth Imagery}{chapter.1}% 4
\BOOKMARK [1][-]{section.1.4}{Machine Learning}{chapter.1}% 5
\BOOKMARK [0][-]{chapter.2}{Technical Background}{}% 6
\BOOKMARK [1][-]{section.2.1}{Commercial Lighting Solutions}{chapter.2}% 7
\BOOKMARK [1][-]{section.2.2}{Lighting Estimation Research}{chapter.2}% 8
\BOOKMARK [1][-]{section.2.3}{Deep Learning for scene understanding}{chapter.2}% 9
\BOOKMARK [1][-]{section.2.4}{Deep Learning for Illumination Estimation}{chapter.2}% 10
\BOOKMARK [1][-]{section.2.5}{Predicting Light Probes}{chapter.2}% 11
\BOOKMARK [0][-]{chapter.3}{Implementing Prior Art}{}% 12
\BOOKMARK [1][-]{section.3.1}{Deep Reflectance Maps}{chapter.3}% 13
\BOOKMARK [1][-]{section.3.2}{What is around the Camera?}{chapter.3}% 14
\BOOKMARK [0][-]{chapter.4}{New Stereo Model}{}% 15
\BOOKMARK [1][-]{section.4.1}{Motivation}{chapter.4}% 16
\BOOKMARK [1][-]{section.4.2}{Dataset Creation}{chapter.4}% 17
\BOOKMARK [1][-]{section.4.3}{Model Architecture}{chapter.4}% 18
\BOOKMARK [1][-]{section.4.4}{Experiments}{chapter.4}% 19
\BOOKMARK [0][-]{chapter.5}{Critical Evaluation}{}% 20
\BOOKMARK [1][-]{section.5.1}{Experimental Results}{chapter.5}% 21
\BOOKMARK [1][-]{section.5.2}{Final Model Accuracy}{chapter.5}% 22
\BOOKMARK [1][-]{section.5.3}{Final Model Performance}{chapter.5}% 23
\BOOKMARK [1][-]{section.5.4}{Limitations}{chapter.5}% 24
\BOOKMARK [0][-]{chapter.6}{Conclusion}{}% 25
\BOOKMARK [1][-]{section.6.1}{Achievements}{chapter.6}% 26
\BOOKMARK [1][-]{section.6.2}{Future Work}{chapter.6}% 27
\BOOKMARK [0][-]{appendix.A}{Demo Application}{}% 28
